[1567679040] Start!
[1567679046] Motor Imagery Right command
	Shift: +45
	Current direction: 0
[1567679049] Motor Imagery Right command
	Shift: +45
	Current direction: 0
[1567679051] Motor Imagery Right command
	Shift: +45
	Current direction: 0
[1567679054] No-Commands
	Direction confirmed
[1567679055] Motor Imagery Left command
	Shift: -45
	Current direction: 361
[1567679057] P300 command:
	Max probability: 0.700000
	Second probability: 0.100000
	Direction offset: 91
Current direction: 361
[1567679062] No-Commands
	Direction confirmed
