[Mon, 09.09.2019 10:51:00] Start!
[Mon, 09.09.2019 10:51:58] No-Commands
	Direction confirmed
[Mon, 09.09.2019 10:51:59] No-Commands
	Direction confirmed
[Mon, 09.09.2019 10:52:00] No-Commands
	Direction confirmed
[Mon, 09.09.2019 10:52:01] No-Commands
	Direction confirmed
[Mon, 09.09.2019 10:52:02] No-Commands
	Direction confirmed
[Mon, 09.09.2019 10:52:03] No-Commands
	Direction confirmed
[Mon, 09.09.2019 10:52:04] No-Commands
	Direction confirmed
[Mon, 09.09.2019 10:52:05] No-Commands
	Direction confirmed
[Mon, 09.09.2019 10:52:06] No-Commands
	Direction confirmed
[Mon, 09.09.2019 10:52:07] No-Commands
	Direction confirmed
[Mon, 09.09.2019 10:52:08] No-Commands
	Direction confirmed
[Mon, 09.09.2019 10:52:09] No-Commands
	Direction confirmed
[Mon, 09.09.2019 10:52:10] No-Commands
	Direction confirmed
[Mon, 09.09.2019 10:52:11] No-Commands
	Direction confirmed
[Mon, 09.09.2019 10:52:12] No-Commands
	Direction confirmed
[Mon, 09.09.2019 10:52:13] No-Commands
	Direction confirmed
[Mon, 09.09.2019 10:52:14] No-Commands
	Direction confirmed
[Mon, 09.09.2019 10:52:15] No-Commands
	Direction confirmed
[Mon, 09.09.2019 10:52:15] Motor Imagery Left command
	Shift: -45
	Current direction: 8
[Mon, 09.09.2019 10:52:16] No-Commands
	Direction confirmed
