[Mon, 09.09.2019 15:54:26] Start!
[Mon, 09.09.2019 15:54:30] No-Commands
	Direction confirmed
[Mon, 09.09.2019 15:54:31] No-Commands
	Direction confirmed
[Mon, 09.09.2019 15:54:32] No-Commands
	Direction confirmed
[Mon, 09.09.2019 15:54:33] No-Commands
	Direction confirmed
[Mon, 09.09.2019 15:54:34] No-Commands
	Direction confirmed
[Mon, 09.09.2019 15:54:35] No-Commands
	Direction confirmed
[Mon, 09.09.2019 15:54:35] Motor Imagery Right command
	Shift: +45
	Current direction: 341
[Mon, 09.09.2019 15:54:36] No-Commands
	Direction confirmed
[Mon, 09.09.2019 15:54:37] No-Commands
	Direction confirmed
[Mon, 09.09.2019 15:54:38] No-Commands
	Direction confirmed
[Mon, 09.09.2019 15:54:39] No-Commands
	Direction confirmed
[Mon, 09.09.2019 15:54:39] Motor Imagery Right command
	Shift: +45
	Current direction: 328
[Mon, 09.09.2019 15:54:40] No-Commands
	Direction confirmed
[Mon, 09.09.2019 15:54:41] No-Commands
	Direction confirmed
[Mon, 09.09.2019 15:54:42] No-Commands
	Direction confirmed
[Mon, 09.09.2019 15:54:43] No-Commands
	Direction confirmed
[Mon, 09.09.2019 15:54:43] Motor Imagery Right command
	Shift: +45
	Current direction: 305
[Mon, 09.09.2019 15:54:44] No-Commands
	Direction confirmed
[Mon, 09.09.2019 15:54:45] No-Commands
	Direction confirmed
[Mon, 09.09.2019 15:54:45] Motor Imagery Right command
	Shift: +45
	Current direction: 298
[Mon, 09.09.2019 15:54:46] No-Commands
	Direction confirmed
[Mon, 09.09.2019 15:54:46] Motor Imagery Right command
	Shift: +45
	Current direction: 292
[Mon, 09.09.2019 15:54:47] No-Commands
	Direction confirmed
[Mon, 09.09.2019 15:54:48] No-Commands
	Direction confirmed
[Mon, 09.09.2019 15:54:49] No-Commands
	Direction confirmed
[Mon, 09.09.2019 15:54:50] No-Commands
	Direction confirmed
[Mon, 09.09.2019 15:54:51] No-Commands
	Direction confirmed
[Mon, 09.09.2019 15:54:52] No-Commands
	Direction confirmed
[Mon, 09.09.2019 15:54:53] No-Commands
	Direction confirmed
[Mon, 09.09.2019 15:54:54] No-Commands
	Direction confirmed
[Mon, 09.09.2019 15:54:55] No-Commands
	Direction confirmed
[Mon, 09.09.2019 15:54:56] No-Commands
	Direction confirmed
[Mon, 09.09.2019 15:54:57] No-Commands
	Direction confirmed
[Mon, 09.09.2019 15:54:58] No-Commands
	Direction confirmed
[Mon, 09.09.2019 15:54:59] No-Commands
	Direction confirmed
[Mon, 09.09.2019 15:54:59] Motor Imagery Right command
	Shift: +45
	Current direction: 258
[Mon, 09.09.2019 15:55:00] No-Commands
	Direction confirmed
[Mon, 09.09.2019 15:55:01] No-Commands
	Direction confirmed
[Mon, 09.09.2019 15:55:02] No-Commands
	Direction confirmed
[Mon, 09.09.2019 15:55:03] No-Commands
	Direction confirmed
[Mon, 09.09.2019 15:55:04] No-Commands
	Direction confirmed
[Mon, 09.09.2019 15:55:05] No-Commands
	Direction confirmed
[Mon, 09.09.2019 15:55:05] Motor Imagery Right command
	Shift: +45
	Current direction: 256
[Mon, 09.09.2019 15:55:06] No-Commands
	Direction confirmed
[Mon, 09.09.2019 15:55:06] Motor Imagery Right command
	Shift: +45
	Current direction: 256
[Mon, 09.09.2019 15:55:07] No-Commands
	Direction confirmed
[Mon, 09.09.2019 15:55:07] Motor Imagery Right command
	Shift: +45
	Current direction: 252
[Mon, 09.09.2019 15:55:08] No-Commands
	Direction confirmed
[Mon, 09.09.2019 15:55:08] Motor Imagery Right command
	Shift: +45
	Current direction: 246
[Mon, 09.09.2019 15:55:09] No-Commands
	Direction confirmed
[Mon, 09.09.2019 15:55:09] Motor Imagery Right command
	Shift: +45
	Current direction: 240
[Mon, 09.09.2019 15:55:10] No-Commands
	Direction confirmed
[Mon, 09.09.2019 15:55:10] Motor Imagery Right command
	Shift: +45
	Current direction: 235
[Mon, 09.09.2019 15:55:11] No-Commands
	Direction confirmed
[Mon, 09.09.2019 15:55:12] No-Commands
	Direction confirmed
[Mon, 09.09.2019 15:55:13] No-Commands
	Direction confirmed
[Mon, 09.09.2019 15:55:14] No-Commands
	Direction confirmed
[Mon, 09.09.2019 15:55:15] No-Commands
	Direction confirmed
[Mon, 09.09.2019 15:55:16] No-Commands
	Direction confirmed
[Mon, 09.09.2019 15:55:17] No-Commands
	Direction confirmed
[Mon, 09.09.2019 15:55:18] No-Commands
	Direction confirmed
[Mon, 09.09.2019 15:55:19] No-Commands
	Direction confirmed
[Mon, 09.09.2019 15:55:19] Motor Imagery Right command
	Shift: +45
	Current direction: 200
[Mon, 09.09.2019 15:55:20] No-Commands
	Direction confirmed
[Mon, 09.09.2019 15:55:21] No-Commands
	Direction confirmed
[Mon, 09.09.2019 15:55:21] Motor Imagery Right command
	Shift: +45
	Current direction: 197
[Mon, 09.09.2019 15:55:22] No-Commands
	Direction confirmed
[Mon, 09.09.2019 15:55:23] No-Commands
	Direction confirmed
[Mon, 09.09.2019 15:55:24] No-Commands
	Direction confirmed
[Mon, 09.09.2019 15:55:25] No-Commands
	Direction confirmed
[Mon, 09.09.2019 15:55:26] No-Commands
	Direction confirmed
[Mon, 09.09.2019 15:55:27] No-Commands
	Direction confirmed
[Mon, 09.09.2019 15:55:28] No-Commands
	Direction confirmed
[Mon, 09.09.2019 15:55:29] No-Commands
	Direction confirmed
[Mon, 09.09.2019 15:55:29] Motor Imagery Right command
	Shift: +45
	Current direction: 163
[Mon, 09.09.2019 15:55:30] No-Commands
	Direction confirmed
[Mon, 09.09.2019 15:55:31] No-Commands
	Direction confirmed
[Mon, 09.09.2019 15:55:32] No-Commands
	Direction confirmed
[Mon, 09.09.2019 15:55:33] No-Commands
	Direction confirmed
[Mon, 09.09.2019 15:55:34] No-Commands
	Direction confirmed
[Mon, 09.09.2019 15:55:35] No-Commands
	Direction confirmed
[Mon, 09.09.2019 15:55:36] No-Commands
	Direction confirmed
[Mon, 09.09.2019 15:55:37] No-Commands
	Direction confirmed
[Mon, 09.09.2019 15:55:38] No-Commands
	Direction confirmed
[Mon, 09.09.2019 15:55:39] No-Commands
	Direction confirmed
[Mon, 09.09.2019 15:55:40] No-Commands
	Direction confirmed
[Mon, 09.09.2019 15:55:41] No-Commands
	Direction confirmed
[Mon, 09.09.2019 15:55:42] No-Commands
	Direction confirmed
[Mon, 09.09.2019 15:55:43] No-Commands
	Direction confirmed
[Mon, 09.09.2019 15:55:44] No-Commands
	Direction confirmed
[Mon, 09.09.2019 15:55:45] No-Commands
	Direction confirmed
[Mon, 09.09.2019 15:55:46] No-Commands
	Direction confirmed
[Mon, 09.09.2019 15:55:48] No-Commands
	Direction confirmed
[Mon, 09.09.2019 15:55:48] No-Commands
	Direction confirmed
[Mon, 09.09.2019 15:55:50] No-Commands
	Direction confirmed
[Mon, 09.09.2019 15:55:51] No-Commands
	Direction confirmed
[Mon, 09.09.2019 15:55:52] No-Commands
	Direction confirmed
[Mon, 09.09.2019 15:55:53] No-Commands
	Direction confirmed
[Mon, 09.09.2019 15:55:54] No-Commands
	Direction confirmed
[Mon, 09.09.2019 15:55:55] No-Commands
	Direction confirmed
[Mon, 09.09.2019 15:55:56] No-Commands
	Direction confirmed
[Mon, 09.09.2019 15:55:56] Motor Imagery Right command
	Shift: +45
	Current direction: 151
[Mon, 09.09.2019 15:55:57] No-Commands
	Direction confirmed
[Mon, 09.09.2019 15:55:58] No-Commands
	Direction confirmed
[Mon, 09.09.2019 15:55:59] No-Commands
	Direction confirmed
[Mon, 09.09.2019 15:55:59] Motor Imagery Right command
	Shift: +45
	Current direction: 151
[Mon, 09.09.2019 15:56:00] No-Commands
	Direction confirmed
[Mon, 09.09.2019 15:56:01] No-Commands
	Direction confirmed
[Mon, 09.09.2019 15:56:02] No-Commands
	Direction confirmed
[Mon, 09.09.2019 15:56:03] No-Commands
	Direction confirmed
[Mon, 09.09.2019 15:56:04] No-Commands
	Direction confirmed
[Mon, 09.09.2019 15:56:05] No-Commands
	Direction confirmed
[Mon, 09.09.2019 15:56:06] No-Commands
	Direction confirmed
[Mon, 09.09.2019 15:56:07] No-Commands
	Direction confirmed
[Mon, 09.09.2019 15:56:08] No-Commands
	Direction confirmed
[Mon, 09.09.2019 15:56:09] No-Commands
	Direction confirmed
[Mon, 09.09.2019 15:56:09] Motor Imagery Right command
	Shift: +45
	Current direction: 114
[Mon, 09.09.2019 15:56:10] No-Commands
	Direction confirmed
[Mon, 09.09.2019 15:56:11] No-Commands
	Direction confirmed
[Mon, 09.09.2019 15:56:12] No-Commands
	Direction confirmed
[Mon, 09.09.2019 15:56:12] Motor Imagery Right command
	Shift: +45
	Current direction: 114
[Mon, 09.09.2019 15:56:13] No-Commands
	Direction confirmed
[Mon, 09.09.2019 15:56:14] No-Commands
	Direction confirmed
[Mon, 09.09.2019 15:56:15] No-Commands
	Direction confirmed
[Mon, 09.09.2019 15:56:16] No-Commands
	Direction confirmed
[Mon, 09.09.2019 15:56:17] No-Commands
	Direction confirmed
[Mon, 09.09.2019 15:56:18] No-Commands
	Direction confirmed
[Mon, 09.09.2019 15:56:19] No-Commands
	Direction confirmed
[Mon, 09.09.2019 15:56:20] No-Commands
	Direction confirmed
[Mon, 09.09.2019 15:56:21] No-Commands
	Direction confirmed
[Mon, 09.09.2019 15:56:22] No-Commands
	Direction confirmed
[Mon, 09.09.2019 15:56:23] No-Commands
	Direction confirmed
[Mon, 09.09.2019 15:56:24] No-Commands
	Direction confirmed
[Mon, 09.09.2019 15:56:24] Motor Imagery Right command
	Shift: +45
	Current direction: 78
[Mon, 09.09.2019 15:56:25] No-Commands
	Direction confirmed
[Mon, 09.09.2019 15:56:26] No-Commands
	Direction confirmed
[Mon, 09.09.2019 15:56:27] No-Commands
	Direction confirmed
[Mon, 09.09.2019 15:56:28] No-Commands
	Direction confirmed
[Mon, 09.09.2019 15:56:29] No-Commands
	Direction confirmed
[Mon, 09.09.2019 15:56:29] Motor Imagery Right command
	Shift: +45
	Current direction: 77
[Mon, 09.09.2019 15:56:30] No-Commands
	Direction confirmed
[Mon, 09.09.2019 15:56:31] No-Commands
	Direction confirmed
[Mon, 09.09.2019 15:56:31] Motor Imagery Right command
	Shift: +45
	Current direction: 73
[Mon, 09.09.2019 15:56:32] No-Commands
	Direction confirmed
[Mon, 09.09.2019 15:56:32] Motor Imagery Right command
	Shift: +45
	Current direction: 67
[Mon, 09.09.2019 15:56:33] No-Commands
	Direction confirmed
[Mon, 09.09.2019 15:56:34] No-Commands
	Direction confirmed
[Mon, 09.09.2019 15:56:35] No-Commands
	Direction confirmed
[Mon, 09.09.2019 15:56:36] No-Commands
	Direction confirmed
[Mon, 09.09.2019 15:56:37] No-Commands
	Direction confirmed
[Mon, 09.09.2019 15:56:38] No-Commands
	Direction confirmed
[Mon, 09.09.2019 15:56:39] No-Commands
	Direction confirmed
[Mon, 09.09.2019 15:56:40] No-Commands
	Direction confirmed
[Mon, 09.09.2019 15:56:41] No-Commands
	Direction confirmed
[Mon, 09.09.2019 15:56:41] Motor Imagery Right command
	Shift: +45
	Current direction: 34
[Mon, 09.09.2019 15:56:42] No-Commands
	Direction confirmed
[Mon, 09.09.2019 15:56:43] No-Commands
	Direction confirmed
[Mon, 09.09.2019 15:56:44] No-Commands
	Direction confirmed
[Mon, 09.09.2019 15:56:44] Motor Imagery Right command
	Shift: +45
	Current direction: 29
[Mon, 09.09.2019 15:56:45] No-Commands
	Direction confirmed
[Mon, 09.09.2019 15:56:46] No-Commands
	Direction confirmed
[Mon, 09.09.2019 15:56:47] No-Commands
	Direction confirmed
[Mon, 09.09.2019 15:56:48] No-Commands
	Direction confirmed
[Mon, 09.09.2019 15:56:49] No-Commands
	Direction confirmed
[Mon, 09.09.2019 15:56:50] No-Commands
	Direction confirmed
[Mon, 09.09.2019 15:56:51] No-Commands
	Direction confirmed
[Mon, 09.09.2019 15:56:52] No-Commands
	Direction confirmed
[Mon, 09.09.2019 15:56:53] No-Commands
	Direction confirmed
[Mon, 09.09.2019 15:56:54] No-Commands
	Direction confirmed
[Mon, 09.09.2019 15:56:55] No-Commands
	Direction confirmed
[Mon, 09.09.2019 15:56:56] No-Commands
	Direction confirmed
[Mon, 09.09.2019 15:56:57] No-Commands
	Direction confirmed
[Mon, 09.09.2019 15:56:58] No-Commands
	Direction confirmed
[Mon, 09.09.2019 15:56:59] No-Commands
	Direction confirmed
[Mon, 09.09.2019 15:57:00] No-Commands
	Direction confirmed
[Mon, 09.09.2019 15:57:01] No-Commands
	Direction confirmed
[Mon, 09.09.2019 15:57:02] No-Commands
	Direction confirmed
[Mon, 09.09.2019 15:57:03] No-Commands
	Direction confirmed
[Mon, 09.09.2019 15:57:04] No-Commands
	Direction confirmed
[Mon, 09.09.2019 15:57:05] No-Commands
	Direction confirmed
[Mon, 09.09.2019 15:57:06] No-Commands
	Direction confirmed
[Mon, 09.09.2019 15:57:07] No-Commands
	Direction confirmed
[Mon, 09.09.2019 15:57:08] No-Commands
	Direction confirmed
[Mon, 09.09.2019 15:57:09] No-Commands
	Direction confirmed
[Mon, 09.09.2019 15:57:10] No-Commands
	Direction confirmed
[Mon, 09.09.2019 15:57:11] No-Commands
	Direction confirmed
[Mon, 09.09.2019 15:57:12] No-Commands
	Direction confirmed
[Mon, 09.09.2019 15:57:12] Motor Imagery Left command
	Shift: -45
	Current direction: 348
[Mon, 09.09.2019 15:57:13] No-Commands
	Direction confirmed
