[Mon, 09.09.2019 15:59:22] Start!
[Mon, 09.09.2019 15:59:37] No-Commands
	Direction confirmed
[Mon, 09.09.2019 15:59:38] No-Commands
	Direction confirmed
[Mon, 09.09.2019 15:59:39] No-Commands
	Direction confirmed
[Mon, 09.09.2019 15:59:40] No-Commands
	Direction confirmed
[Mon, 09.09.2019 15:59:41] No-Commands
	Direction confirmed
[Mon, 09.09.2019 15:59:42] No-Commands
	Direction confirmed
[Mon, 09.09.2019 15:59:43] No-Commands
	Direction confirmed
[Mon, 09.09.2019 15:59:44] No-Commands
	Direction confirmed
[Mon, 09.09.2019 15:59:45] No-Commands
	Direction confirmed
[Mon, 09.09.2019 15:59:46] No-Commands
	Direction confirmed
[Mon, 09.09.2019 15:59:47] No-Commands
	Direction confirmed
[Mon, 09.09.2019 15:59:48] No-Commands
	Direction confirmed
[Mon, 09.09.2019 15:59:49] No-Commands
	Direction confirmed
[Mon, 09.09.2019 15:59:50] No-Commands
	Direction confirmed
[Mon, 09.09.2019 15:59:51] No-Commands
	Direction confirmed
[Mon, 09.09.2019 15:59:52] No-Commands
	Direction confirmed
[Mon, 09.09.2019 15:59:53] No-Commands
	Direction confirmed
[Mon, 09.09.2019 15:59:54] No-Commands
	Direction confirmed
[Mon, 09.09.2019 15:59:55] No-Commands
	Direction confirmed
[Mon, 09.09.2019 15:59:56] No-Commands
	Direction confirmed
[Mon, 09.09.2019 15:59:57] No-Commands
	Direction confirmed
[Mon, 09.09.2019 15:59:58] No-Commands
	Direction confirmed
[Mon, 09.09.2019 15:59:59] No-Commands
	Direction confirmed
[Mon, 09.09.2019 16:00:00] No-Commands
	Direction confirmed
[Mon, 09.09.2019 16:00:01] No-Commands
	Direction confirmed
[Mon, 09.09.2019 16:00:02] No-Commands
	Direction confirmed
[Mon, 09.09.2019 16:00:03] No-Commands
	Direction confirmed
[Mon, 09.09.2019 16:00:04] No-Commands
	Direction confirmed
[Mon, 09.09.2019 16:00:05] No-Commands
	Direction confirmed
[Mon, 09.09.2019 16:00:06] No-Commands
	Direction confirmed
[Mon, 09.09.2019 16:00:07] No-Commands
	Direction confirmed
[Mon, 09.09.2019 16:00:08] No-Commands
	Direction confirmed
[Mon, 09.09.2019 16:00:09] No-Commands
	Direction confirmed
[Mon, 09.09.2019 16:00:10] No-Commands
	Direction confirmed
[Mon, 09.09.2019 16:00:11] No-Commands
	Direction confirmed
[Mon, 09.09.2019 16:00:12] No-Commands
	Direction confirmed
[Mon, 09.09.2019 16:00:13] No-Commands
	Direction confirmed
[Mon, 09.09.2019 16:00:14] No-Commands
	Direction confirmed
[Mon, 09.09.2019 16:00:15] No-Commands
	Direction confirmed
[Mon, 09.09.2019 16:00:16] No-Commands
	Direction confirmed
[Mon, 09.09.2019 16:00:16] Motor Imagery Right command
	Shift: +45
	Current direction: 359
[Mon, 09.09.2019 16:00:17] No-Commands
	Direction confirmed
[Mon, 09.09.2019 16:00:17] Motor Imagery Left command
	Shift: -45
	Current direction: 359
[Mon, 09.09.2019 16:00:18] No-Commands
	Direction confirmed
