Detecting C [-std=c11] compiler features failed to compile with the following output:
Change Dir: /home/michele/catkin_ws/src/hybrid_bci/build/CMakeFiles/CMakeTmp

Run Build Command:"/usr/bin/make" "cmTC_e2ea6/fast"
/usr/bin/make -f CMakeFiles/cmTC_e2ea6.dir/build.make CMakeFiles/cmTC_e2ea6.dir/build
make[1]: Entering directory '/home/michele/catkin_ws/src/hybrid_bci/build/CMakeFiles/CMakeTmp'
Building C object CMakeFiles/cmTC_e2ea6.dir/feature_tests.c.o
/usr/bin/c89-gcc    -std=c11 -o CMakeFiles/cmTC_e2ea6.dir/feature_tests.c.o   -c /home/michele/catkin_ws/src/hybrid_bci/build/CMakeFiles/feature_tests.c
c89-gcc called with non ANSI/ISO C option -std=c11
CMakeFiles/cmTC_e2ea6.dir/build.make:65: recipe for target 'CMakeFiles/cmTC_e2ea6.dir/feature_tests.c.o' failed
make[1]: *** [CMakeFiles/cmTC_e2ea6.dir/feature_tests.c.o] Error 1
make[1]: Leaving directory '/home/michele/catkin_ws/src/hybrid_bci/build/CMakeFiles/CMakeTmp'
Makefile:126: recipe for target 'cmTC_e2ea6/fast' failed
make: *** [cmTC_e2ea6/fast] Error 2



Determining if the pthread_create exist failed with the following output:
Change Dir: /home/michele/catkin_ws/src/hybrid_bci/build/CMakeFiles/CMakeTmp

Run Build Command:"/usr/bin/make" "cmTC_33a96/fast"
/usr/bin/make -f CMakeFiles/cmTC_33a96.dir/build.make CMakeFiles/cmTC_33a96.dir/build
make[1]: Entering directory '/home/michele/catkin_ws/src/hybrid_bci/build/CMakeFiles/CMakeTmp'
Building C object CMakeFiles/cmTC_33a96.dir/CheckSymbolExists.c.o
/usr/bin/c89-gcc     -o CMakeFiles/cmTC_33a96.dir/CheckSymbolExists.c.o   -c /home/michele/catkin_ws/src/hybrid_bci/build/CMakeFiles/CMakeTmp/CheckSymbolExists.c
Linking C executable cmTC_33a96
/usr/bin/cmake -E cmake_link_script CMakeFiles/cmTC_33a96.dir/link.txt --verbose=1
/usr/bin/c89-gcc       CMakeFiles/cmTC_33a96.dir/CheckSymbolExists.c.o  -o cmTC_33a96 -rdynamic 
CMakeFiles/cmTC_33a96.dir/CheckSymbolExists.c.o: In function `main':
CheckSymbolExists.c:(.text+0x16): undefined reference to `pthread_create'
collect2: error: ld returned 1 exit status
CMakeFiles/cmTC_33a96.dir/build.make:97: recipe for target 'cmTC_33a96' failed
make[1]: *** [cmTC_33a96] Error 1
make[1]: Leaving directory '/home/michele/catkin_ws/src/hybrid_bci/build/CMakeFiles/CMakeTmp'
Makefile:126: recipe for target 'cmTC_33a96/fast' failed
make: *** [cmTC_33a96/fast] Error 2

File /home/michele/catkin_ws/src/hybrid_bci/build/CMakeFiles/CMakeTmp/CheckSymbolExists.c:
/* */
#include <pthread.h>

int main(int argc, char** argv)
{
  (void)argv;
#ifndef pthread_create
  return ((int*)(&pthread_create))[argc];
#else
  (void)argc;
  return 0;
#endif
}

Determining if the function pthread_create exists in the pthreads failed with the following output:
Change Dir: /home/michele/catkin_ws/src/hybrid_bci/build/CMakeFiles/CMakeTmp

Run Build Command:"/usr/bin/make" "cmTC_5ada9/fast"
/usr/bin/make -f CMakeFiles/cmTC_5ada9.dir/build.make CMakeFiles/cmTC_5ada9.dir/build
make[1]: Entering directory '/home/michele/catkin_ws/src/hybrid_bci/build/CMakeFiles/CMakeTmp'
Building C object CMakeFiles/cmTC_5ada9.dir/CheckFunctionExists.c.o
/usr/bin/c89-gcc    -DCHECK_FUNCTION_EXISTS=pthread_create   -o CMakeFiles/cmTC_5ada9.dir/CheckFunctionExists.c.o   -c /usr/share/cmake-3.5/Modules/CheckFunctionExists.c
Linking C executable cmTC_5ada9
/usr/bin/cmake -E cmake_link_script CMakeFiles/cmTC_5ada9.dir/link.txt --verbose=1
/usr/bin/c89-gcc   -DCHECK_FUNCTION_EXISTS=pthread_create    CMakeFiles/cmTC_5ada9.dir/CheckFunctionExists.c.o  -o cmTC_5ada9 -rdynamic -lpthreads 
/usr/bin/ld: cannot find -lpthreads
collect2: error: ld returned 1 exit status
CMakeFiles/cmTC_5ada9.dir/build.make:97: recipe for target 'cmTC_5ada9' failed
make[1]: *** [cmTC_5ada9] Error 1
make[1]: Leaving directory '/home/michele/catkin_ws/src/hybrid_bci/build/CMakeFiles/CMakeTmp'
Makefile:126: recipe for target 'cmTC_5ada9/fast' failed
make: *** [cmTC_5ada9/fast] Error 2


